********************************************************************************
product = Open Liberty 17.0.0.3 (wlp-1.0.18.cl170320170927-1854)
wlp.install.dir = /Users/gracejansen/GitHub/FT_guide_tutorial/Newest_FT_Guide/finish/target/liberty/wlp/
java.home = /Library/Java/JavaVirtualMachines/jdk1.8.0_151.jdk/Contents/Home/jre
java.version = 1.8.0_151
java.runtime = Java(TM) SE Runtime Environment (1.8.0_151-b12)
os = Mac OS X (10.13.2; x86_64) (en_GB)
process = 17495@graces-mbp-2.hursley.uk.ibm.com
********************************************************************************
[30/01/18 15:17:19:970 GMT] 00000001 com.ibm.ws.kernel.launch.internal.FrameworkManager           A CWWKE0001I: The server defaultServer has been launched.
[30/01/18 15:17:20:863 GMT] 00000001 com.ibm.ws.kernel.launch.internal.FrameworkManager           I CWWKE0002I: The kernel started after 1.079 seconds
[30/01/18 15:17:20:908 GMT] 00000019 com.ibm.ws.kernel.feature.internal.FeatureManager            I CWWKF0007I: Feature update started.
[30/01/18 15:17:22:251 GMT] 00000011 com.ibm.ws.app.manager.internal.monitor.DropinMonitor        A CWWKZ0058I: Monitoring dropins for applications. 
[30/01/18 15:17:22:483 GMT] 00000020 com.ibm.ws.tcpchannel.internal.TCPChannel                    I CWWKO0219I: TCP Channel defaultHttpEndpoint has been started and is now listening for requests on host *  (IPv6) port 9080.
[30/01/18 15:17:22:841 GMT] 00000026 com.ibm.ws.app.manager.AppMessageHelper                      I CWWKZ0018I: Starting application io.openliberty.guides.microprofile.mpconfig.
[30/01/18 15:17:23:083 GMT] 00000026 com.ibm.ws.session.WASSessionCore                            I SESN8501I: The session manager did not find a persistent storage location; HttpSession objects will be stored in the local application server's memory.
[30/01/18 15:17:23:126 GMT] 00000026 org.jboss.weld.Version                                       I WELD-000900: 2.4.3 (Final)
[30/01/18 15:17:23:799 GMT] 00000026 com.ibm.ws.webcontainer.osgi.webapp.WebGroup                 I SRVE0169I: Loading Web Module: Liberty Project.
[30/01/18 15:17:23:801 GMT] 00000026 com.ibm.ws.webcontainer                                      I SRVE0250I: Web Module Liberty Project has been bound to default_host.
[30/01/18 15:17:23:802 GMT] 00000026 com.ibm.ws.http.internal.VirtualHostImpl                     A CWWKT0016I: Web application available (default_host): http://graces-mbp-2.hursley.uk.ibm.com:9080/
[30/01/18 15:17:23:804 GMT] 00000026 com.ibm.ws.app.manager.AppMessageHelper                      A CWWKZ0001I: Application io.openliberty.guides.microprofile.mpconfig started in 0.963 seconds.
[30/01/18 15:17:23:822 GMT] 00000020 com.ibm.ws.session.WASSessionCore                            I SESN0176I: A new session context will be created for application key default_host/
[30/01/18 15:17:23:830 GMT] 00000019 com.ibm.ws.kernel.feature.internal.FeatureManager            A CWWKF0012I: The server installed the following features: [concurrent-1.0, mpFaultTolerance-1.0, servlet-3.1, jndi-1.0, json-1.0, cdi-1.2, jsonp-1.0, mpConfig-1.1, jaxrs-2.0, jaxrsClient-2.0].
[30/01/18 15:17:23:831 GMT] 00000019 com.ibm.ws.kernel.feature.internal.FeatureManager            I CWWKF0008I: Feature update completed in 2.970 seconds.
[30/01/18 15:17:23:831 GMT] 00000019 com.ibm.ws.kernel.feature.internal.FeatureManager            A CWWKF0011I: The server defaultServer is ready to run a smarter planet.
[30/01/18 15:17:23:837 GMT] 00000020 com.ibm.ws.util                                              I SESN0172I: The session manager is using the Java default SecureRandom implementation for session ID generation.
[30/01/18 15:17:24:019 GMT] 00000024 com.ibm.ws.webcontainer.osgi.mbeans.PluginGenerator          I SRVE9103I: A configuration file for a web server plugin was automatically generated for this server at /Users/gracejansen/GitHub/FT_guide_tutorial/Newest_FT_Guide/finish/target/liberty/wlp/usr/servers/defaultServer/logs/state/plugin-cfg.xml.
[30/01/18 15:17:24:808 GMT] 0000000f com.ibm.ws.kernel.launch.internal.ServerCommandListener      A CWWKE0055I: Server shutdown requested on Tuesday, 30 January 2018 at 15:17. The server defaultServer is shutting down.
[30/01/18 15:17:24:811 GMT] 00000037 com.ibm.ws.runtime.update.internal.RuntimeUpdateManagerImpl  A CWWKE1100I: Waiting for up to 30 seconds for the server to quiesce.
[30/01/18 15:17:24:815 GMT] 00000038 com.ibm.ws.tcpchannel.internal.TCPChannel                    I CWWKO0220I: TCP Channel defaultHttpEndpoint has stopped listening for requests on host *  (IPv6) port 9080.
[30/01/18 15:17:24:816 GMT] 00000038 com.ibm.ws.http.internal.VirtualHostImpl                     A CWWKT0017I: Web application removed (default_host): http://graces-mbp-2.hursley.uk.ibm.com:9080/
[30/01/18 15:17:24:818 GMT] 00000037 com.ibm.ws.runtime.update.internal.RuntimeUpdateManagerImpl  I CWWKE1101I: Server quiesce complete.
[30/01/18 15:17:24:843 GMT] 00000029 com.ibm.ws.app.manager.AppMessageHelper                      A CWWKZ0009I: The application io.openliberty.guides.microprofile.mpconfig has stopped successfully.
[30/01/18 15:17:25:004 GMT] 00000001 com.ibm.ws.kernel.launch.internal.FrameworkManager           A CWWKE0036I: The server defaultServer stopped after 5.221 seconds.
