java.net.ConnectException: Connection refused
	at sun.nio.ch.Net.connect0(Native Method)
	at sun.nio.ch.Net.connect(Net.java:454)
	at sun.nio.ch.Net.connect(Net.java:446)
	at sun.nio.ch.SocketChannelImpl.connect(SocketChannelImpl.java:648)
	at com.ibm.ws.kernel.boot.internal.commands.ServerCommandClient.write(ServerCommandClient.java:106)
	at com.ibm.ws.kernel.boot.internal.commands.ServerCommandClient.stopServer(ServerCommandClient.java:237)
	at com.ibm.ws.kernel.boot.internal.commands.ProcessControlHelper.stop(ProcessControlHelper.java:97)
	at com.ibm.ws.kernel.boot.Launcher.handleActions(Launcher.java:263)
	at com.ibm.ws.kernel.boot.Launcher.createPlatform(Launcher.java:119)
	at com.ibm.ws.kernel.boot.cmdline.EnvCheck.main(EnvCheck.java:59)
	at com.ibm.ws.kernel.boot.cmdline.EnvCheck.main(EnvCheck.java:35)

arg0=defaultServer
arg1=--pid=
arg2=--stop
exit=1

                 Java home:  /Library/Java/JavaVirtualMachines/jdk1.8.0_151.jdk/Contents/Home/jre
              Install root:  /Users/gracejansen/GitHub/FT_guide_tutorial/Newest_FT_Guide/finish/target/liberty/wlp/
          System libraries:  /Users/gracejansen/GitHub/FT_guide_tutorial/Newest_FT_Guide/finish/target/liberty/wlp/lib/
                 User root:  /Users/gracejansen/GitHub/FT_guide_tutorial/Newest_FT_Guide/finish/target/liberty/wlp/usr/
                    Config:  /Users/gracejansen/GitHub/FT_guide_tutorial/Newest_FT_Guide/finish/target/liberty/wlp/usr/servers/defaultServer/
                    Output:  /Users/gracejansen/GitHub/FT_guide_tutorial/Newest_FT_Guide/finish/target/liberty/wlp/usr/servers/defaultServer/

